17-Jul-2023 16:34:19.906 INFO [main] org.apache.catalina.startup.VersionLoggerListener.log Server version name:   Apache Tomcat/8.5.91
17-Jul-2023 16:34:19.911 INFO [main] org.apache.catalina.startup.VersionLoggerListener.log Server built:          Jul 6 2023 14:43:48 UTC
17-Jul-2023 16:34:19.911 INFO [main] org.apache.catalina.startup.VersionLoggerListener.log Server version number: 8.5.91.0
17-Jul-2023 16:34:19.911 INFO [main] org.apache.catalina.startup.VersionLoggerListener.log OS Name:               Linux
17-Jul-2023 16:34:19.911 INFO [main] org.apache.catalina.startup.VersionLoggerListener.log OS Version:            5.19.0-46-generic
17-Jul-2023 16:34:19.912 INFO [main] org.apache.catalina.startup.VersionLoggerListener.log Architecture:          amd64
17-Jul-2023 16:34:19.912 INFO [main] org.apache.catalina.startup.VersionLoggerListener.log Java Home:             /app/jdk
17-Jul-2023 16:34:19.912 INFO [main] org.apache.catalina.startup.VersionLoggerListener.log JVM Version:           11.0.19+7
17-Jul-2023 16:34:19.912 INFO [main] org.apache.catalina.startup.VersionLoggerListener.log JVM Vendor:            Flathub
17-Jul-2023 16:34:19.912 INFO [main] org.apache.catalina.startup.VersionLoggerListener.log CATALINA_BASE:         /home/lek/Development/MyCode/UFF/dev-web_aplicacao-mvc/apache-tomcat-8.5.91
17-Jul-2023 16:34:19.912 INFO [main] org.apache.catalina.startup.VersionLoggerListener.log CATALINA_HOME:         /home/lek/Development/MyCode/UFF/dev-web_aplicacao-mvc/apache-tomcat-8.5.91
17-Jul-2023 16:34:19.915 INFO [main] org.apache.catalina.startup.VersionLoggerListener.log Command line argument: --add-opens=java.base/java.lang=ALL-UNNAMED
17-Jul-2023 16:34:19.915 INFO [main] org.apache.catalina.startup.VersionLoggerListener.log Command line argument: --add-opens=java.base/java.io=ALL-UNNAMED
17-Jul-2023 16:34:19.915 INFO [main] org.apache.catalina.startup.VersionLoggerListener.log Command line argument: --add-opens=java.base/java.util=ALL-UNNAMED
17-Jul-2023 16:34:19.915 INFO [main] org.apache.catalina.startup.VersionLoggerListener.log Command line argument: --add-opens=java.base/java.util.concurrent=ALL-UNNAMED
17-Jul-2023 16:34:19.915 INFO [main] org.apache.catalina.startup.VersionLoggerListener.log Command line argument: --add-opens=java.rmi/sun.rmi.transport=ALL-UNNAMED
17-Jul-2023 16:34:19.915 INFO [main] org.apache.catalina.startup.VersionLoggerListener.log Command line argument: -Djava.util.logging.config.file=/home/lek/Development/MyCode/UFF/dev-web_aplicacao-mvc/apache-tomcat-8.5.91/conf/logging.properties
17-Jul-2023 16:34:19.915 INFO [main] org.apache.catalina.startup.VersionLoggerListener.log Command line argument: -Djava.util.logging.manager=org.apache.juli.ClassLoaderLogManager
17-Jul-2023 16:34:19.915 INFO [main] org.apache.catalina.startup.VersionLoggerListener.log Command line argument: -Dhttp.nonProxyHosts=localhost|127.0.0.1|Neon
17-Jul-2023 16:34:19.915 INFO [main] org.apache.catalina.startup.VersionLoggerListener.log Command line argument: -Djdk.tls.ephemeralDHKeySize=2048
17-Jul-2023 16:34:19.916 INFO [main] org.apache.catalina.startup.VersionLoggerListener.log Command line argument: -Djava.protocol.handler.pkgs=org.apache.catalina.webresources
17-Jul-2023 16:34:19.916 INFO [main] org.apache.catalina.startup.VersionLoggerListener.log Command line argument: -Dorg.apache.catalina.security.SecurityListener.UMASK=0027
17-Jul-2023 16:34:19.916 INFO [main] org.apache.catalina.startup.VersionLoggerListener.log Command line argument: -Dignore.endorsed.dirs=
17-Jul-2023 16:34:19.916 INFO [main] org.apache.catalina.startup.VersionLoggerListener.log Command line argument: -Dcatalina.base=/home/lek/Development/MyCode/UFF/dev-web_aplicacao-mvc/apache-tomcat-8.5.91
17-Jul-2023 16:34:19.916 INFO [main] org.apache.catalina.startup.VersionLoggerListener.log Command line argument: -Dcatalina.home=/home/lek/Development/MyCode/UFF/dev-web_aplicacao-mvc/apache-tomcat-8.5.91
17-Jul-2023 16:34:19.916 INFO [main] org.apache.catalina.startup.VersionLoggerListener.log Command line argument: -Djava.io.tmpdir=/home/lek/Development/MyCode/UFF/dev-web_aplicacao-mvc/apache-tomcat-8.5.91/temp
17-Jul-2023 16:34:19.916 INFO [main] org.apache.catalina.core.AprLifecycleListener.lifecycleEvent The Apache Tomcat Native library which allows using OpenSSL was not found on the java.library.path: [:/usr/java/packages/lib:/usr/lib64:/lib64:/lib:/usr/lib]
17-Jul-2023 16:34:19.972 INFO [main] org.apache.coyote.AbstractProtocol.init Initializing ProtocolHandler ["http-nio-8080"]
17-Jul-2023 16:34:20.014 INFO [main] org.apache.catalina.startup.Catalina.load Initialization processed in 795 ms
17-Jul-2023 16:34:20.102 INFO [main] org.apache.catalina.core.StandardService.startInternal Starting service [Catalina]
17-Jul-2023 16:34:20.102 INFO [main] org.apache.catalina.core.StandardEngine.startInternal Starting Servlet engine: [Apache Tomcat/8.5.91]
17-Jul-2023 16:34:20.114 INFO [localhost-startStop-1] org.apache.catalina.startup.HostConfig.deployDescriptor Deploying deployment descriptor [/home/lek/Development/MyCode/UFF/dev-web_aplicacao-mvc/apache-tomcat-8.5.91/conf/Catalina/localhost/aplicacaoMVC.xml]
17-Jul-2023 16:34:20.664 INFO [localhost-startStop-1] org.apache.jasper.servlet.TldScanner.scanJars At least one JAR was scanned for TLDs yet contained no TLDs. Enable debug logging for this logger for a complete list of JARs that were scanned but no TLDs were found in them. Skipping unneeded JARs during scanning can improve startup time and JSP compilation time.
17-Jul-2023 16:34:20.697 INFO [localhost-startStop-1] org.apache.catalina.startup.HostConfig.deployDescriptor Deployment of deployment descriptor [/home/lek/Development/MyCode/UFF/dev-web_aplicacao-mvc/apache-tomcat-8.5.91/conf/Catalina/localhost/aplicacaoMVC.xml] has finished in [582] ms
17-Jul-2023 16:34:20.698 INFO [localhost-startStop-1] org.apache.catalina.startup.HostConfig.deployDirectory Deploying web application directory [/home/lek/Development/MyCode/UFF/dev-web_aplicacao-mvc/apache-tomcat-8.5.91/webapps/manager]
17-Jul-2023 16:34:20.733 INFO [localhost-startStop-1] org.apache.catalina.startup.HostConfig.deployDirectory Deployment of web application directory [/home/lek/Development/MyCode/UFF/dev-web_aplicacao-mvc/apache-tomcat-8.5.91/webapps/manager] has finished in [35] ms
17-Jul-2023 16:34:20.733 INFO [localhost-startStop-1] org.apache.catalina.startup.HostConfig.deployDirectory Deploying web application directory [/home/lek/Development/MyCode/UFF/dev-web_aplicacao-mvc/apache-tomcat-8.5.91/webapps/host-manager]
17-Jul-2023 16:34:20.751 INFO [localhost-startStop-1] org.apache.catalina.startup.HostConfig.deployDirectory Deployment of web application directory [/home/lek/Development/MyCode/UFF/dev-web_aplicacao-mvc/apache-tomcat-8.5.91/webapps/host-manager] has finished in [18] ms
17-Jul-2023 16:34:20.751 INFO [localhost-startStop-1] org.apache.catalina.startup.HostConfig.deployDirectory Deploying web application directory [/home/lek/Development/MyCode/UFF/dev-web_aplicacao-mvc/apache-tomcat-8.5.91/webapps/docs]
17-Jul-2023 16:34:20.774 INFO [localhost-startStop-1] org.apache.catalina.startup.HostConfig.deployDirectory Deployment of web application directory [/home/lek/Development/MyCode/UFF/dev-web_aplicacao-mvc/apache-tomcat-8.5.91/webapps/docs] has finished in [23] ms
17-Jul-2023 16:34:20.774 INFO [localhost-startStop-1] org.apache.catalina.startup.HostConfig.deployDirectory Deploying web application directory [/home/lek/Development/MyCode/UFF/dev-web_aplicacao-mvc/apache-tomcat-8.5.91/webapps/examples]
17-Jul-2023 16:34:21.001 INFO [localhost-startStop-1] org.apache.catalina.startup.HostConfig.deployDirectory Deployment of web application directory [/home/lek/Development/MyCode/UFF/dev-web_aplicacao-mvc/apache-tomcat-8.5.91/webapps/examples] has finished in [227] ms
17-Jul-2023 16:34:21.002 INFO [localhost-startStop-1] org.apache.catalina.startup.HostConfig.deployDirectory Deploying web application directory [/home/lek/Development/MyCode/UFF/dev-web_aplicacao-mvc/apache-tomcat-8.5.91/webapps/ROOT]
17-Jul-2023 16:34:21.016 INFO [localhost-startStop-1] org.apache.catalina.startup.HostConfig.deployDirectory Deployment of web application directory [/home/lek/Development/MyCode/UFF/dev-web_aplicacao-mvc/apache-tomcat-8.5.91/webapps/ROOT] has finished in [14] ms
17-Jul-2023 16:34:21.019 INFO [main] org.apache.coyote.AbstractProtocol.start Starting ProtocolHandler ["http-nio-8080"]
17-Jul-2023 16:34:21.033 INFO [main] org.apache.catalina.startup.Catalina.start Server startup in 1017 ms
17-Jul-2023 16:34:23.488 INFO [http-nio-8080-exec-10] org.apache.catalina.core.StandardContext.reload Reloading Context with name [/aplicacaoMVC] has started
17-Jul-2023 16:34:23.646 INFO [http-nio-8080-exec-10] org.apache.jasper.servlet.TldScanner.scanJars At least one JAR was scanned for TLDs yet contained no TLDs. Enable debug logging for this logger for a complete list of JARs that were scanned but no TLDs were found in them. Skipping unneeded JARs during scanning can improve startup time and JSP compilation time.
17-Jul-2023 16:34:23.650 INFO [http-nio-8080-exec-10] org.apache.catalina.core.StandardContext.reload Reloading Context with name [/aplicacaoMVC] is completed
17-Jul-2023 16:48:45.101 INFO [http-nio-8080-exec-12] org.apache.catalina.core.StandardContext.reload Reloading Context with name [/aplicacaoMVC] has started
17-Jul-2023 16:48:45.110 WARNING [http-nio-8080-exec-12] org.apache.catalina.loader.WebappClassLoaderBase.clearReferencesJdbc The web application [aplicacaoMVC] registered the JDBC driver [com.mysql.cj.jdbc.Driver] but failed to unregister it when the web application was stopped. To prevent a memory leak, the JDBC Driver has been forcibly unregistered.
17-Jul-2023 16:48:45.111 WARNING [http-nio-8080-exec-12] org.apache.catalina.loader.WebappClassLoaderBase.clearReferencesThreads The web application [aplicacaoMVC] appears to have started a thread named [mysql-cj-abandoned-connection-cleanup] but has failed to stop it. This is very likely to create a memory leak. Stack trace of thread:
 java.base@11.0.19/java.lang.Object.wait(Native Method)
 java.base@11.0.19/java.lang.ref.ReferenceQueue.remove(ReferenceQueue.java:155)
 com.mysql.cj.jdbc.AbandonedConnectionCleanupThread.run(AbandonedConnectionCleanupThread.java:91)
 java.base@11.0.19/java.util.concurrent.ThreadPoolExecutor.runWorker(ThreadPoolExecutor.java:1128)
 java.base@11.0.19/java.util.concurrent.ThreadPoolExecutor$Worker.run(ThreadPoolExecutor.java:628)
 java.base@11.0.19/java.lang.Thread.run(Thread.java:829)
17-Jul-2023 16:48:45.328 INFO [http-nio-8080-exec-12] org.apache.jasper.servlet.TldScanner.scanJars At least one JAR was scanned for TLDs yet contained no TLDs. Enable debug logging for this logger for a complete list of JARs that were scanned but no TLDs were found in them. Skipping unneeded JARs during scanning can improve startup time and JSP compilation time.
17-Jul-2023 16:48:45.336 INFO [http-nio-8080-exec-12] org.apache.catalina.core.StandardContext.reload Reloading Context with name [/aplicacaoMVC] is completed
17-Jul-2023 16:48:45.399 INFO [http-nio-8080-exec-21] org.apache.catalina.core.StandardContext.reload Reloading Context with name [/aplicacaoMVC] has started
17-Jul-2023 16:48:45.530 INFO [http-nio-8080-exec-21] org.apache.jasper.servlet.TldScanner.scanJars At least one JAR was scanned for TLDs yet contained no TLDs. Enable debug logging for this logger for a complete list of JARs that were scanned but no TLDs were found in them. Skipping unneeded JARs during scanning can improve startup time and JSP compilation time.
17-Jul-2023 16:48:45.533 INFO [http-nio-8080-exec-21] org.apache.catalina.core.StandardContext.reload Reloading Context with name [/aplicacaoMVC] is completed
17-Jul-2023 16:48:48.002 INFO [mysql-cj-abandoned-connection-cleanup] org.apache.catalina.loader.WebappClassLoaderBase.checkStateForResourceLoading Illegal access: this web application instance has been stopped already. Could not load []. The following stack trace is thrown for debugging purposes as well as to attempt to terminate the thread which caused the illegal access.
	java.lang.IllegalStateException: Illegal access: this web application instance has been stopped already. Could not load []. The following stack trace is thrown for debugging purposes as well as to attempt to terminate the thread which caused the illegal access.
		at org.apache.catalina.loader.WebappClassLoaderBase.checkStateForResourceLoading(WebappClassLoaderBase.java:1440)
		at org.apache.catalina.loader.WebappClassLoaderBase.getResource(WebappClassLoaderBase.java:1065)
		at com.mysql.cj.jdbc.AbandonedConnectionCleanupThread.checkThreadContextClassLoader(AbandonedConnectionCleanupThread.java:123)
		at com.mysql.cj.jdbc.AbandonedConnectionCleanupThread.run(AbandonedConnectionCleanupThread.java:90)
		at java.base/java.util.concurrent.ThreadPoolExecutor.runWorker(ThreadPoolExecutor.java:1128)
		at java.base/java.util.concurrent.ThreadPoolExecutor$Worker.run(ThreadPoolExecutor.java:628)
		at java.base/java.lang.Thread.run(Thread.java:829)
17-Jul-2023 16:50:11.118 INFO [http-nio-8080-exec-24] org.apache.catalina.core.StandardContext.reload Reloading Context with name [/aplicacaoMVC] has started
17-Jul-2023 16:50:11.123 WARNING [http-nio-8080-exec-24] org.apache.catalina.loader.WebappClassLoaderBase.clearReferencesJdbc The web application [aplicacaoMVC] registered the JDBC driver [com.mysql.cj.jdbc.Driver] but failed to unregister it when the web application was stopped. To prevent a memory leak, the JDBC Driver has been forcibly unregistered.
17-Jul-2023 16:50:11.124 WARNING [http-nio-8080-exec-24] org.apache.catalina.loader.WebappClassLoaderBase.clearReferencesThreads The web application [aplicacaoMVC] appears to have started a thread named [mysql-cj-abandoned-connection-cleanup] but has failed to stop it. This is very likely to create a memory leak. Stack trace of thread:
 java.base@11.0.19/java.lang.Object.wait(Native Method)
 java.base@11.0.19/java.lang.ref.ReferenceQueue.remove(ReferenceQueue.java:155)
 com.mysql.cj.jdbc.AbandonedConnectionCleanupThread.run(AbandonedConnectionCleanupThread.java:91)
 java.base@11.0.19/java.util.concurrent.ThreadPoolExecutor.runWorker(ThreadPoolExecutor.java:1128)
 java.base@11.0.19/java.util.concurrent.ThreadPoolExecutor$Worker.run(ThreadPoolExecutor.java:628)
 java.base@11.0.19/java.lang.Thread.run(Thread.java:829)
17-Jul-2023 16:50:11.192 INFO [44] org.apache.catalina.loader.WebappClassLoaderBase.checkStateForResourceLoading Illegal access: this web application instance has been stopped already. Could not load []. The following stack trace is thrown for debugging purposes as well as to attempt to terminate the thread which caused the illegal access.
	java.lang.IllegalStateException: Illegal access: this web application instance has been stopped already. Could not load []. The following stack trace is thrown for debugging purposes as well as to attempt to terminate the thread which caused the illegal access.
		at org.apache.catalina.loader.WebappClassLoaderBase.checkStateForResourceLoading(WebappClassLoaderBase.java:1440)
		at org.apache.catalina.loader.WebappClassLoaderBase.getResource(WebappClassLoaderBase.java:1065)
		at com.mysql.cj.jdbc.AbandonedConnectionCleanupThread.checkThreadContextClassLoader(AbandonedConnectionCleanupThread.java:123)
		at com.mysql.cj.jdbc.AbandonedConnectionCleanupThread.run(AbandonedConnectionCleanupThread.java:90)
		at java.base/java.util.concurrent.ThreadPoolExecutor.runWorker(ThreadPoolExecutor.java:1128)
		at java.base/java.util.concurrent.ThreadPoolExecutor$Worker.run(ThreadPoolExecutor.java:628)
		at java.base/java.lang.Thread.run(Thread.java:829)
17-Jul-2023 16:50:11.298 INFO [http-nio-8080-exec-24] org.apache.jasper.servlet.TldScanner.scanJars At least one JAR was scanned for TLDs yet contained no TLDs. Enable debug logging for this logger for a complete list of JARs that were scanned but no TLDs were found in them. Skipping unneeded JARs during scanning can improve startup time and JSP compilation time.
17-Jul-2023 16:50:11.305 INFO [http-nio-8080-exec-24] org.apache.catalina.core.StandardContext.reload Reloading Context with name [/aplicacaoMVC] is completed
17-Jul-2023 16:50:11.433 INFO [http-nio-8080-exec-19] org.apache.catalina.core.StandardContext.reload Reloading Context with name [/aplicacaoMVC] has started
17-Jul-2023 16:50:11.613 INFO [http-nio-8080-exec-19] org.apache.jasper.servlet.TldScanner.scanJars At least one JAR was scanned for TLDs yet contained no TLDs. Enable debug logging for this logger for a complete list of JARs that were scanned but no TLDs were found in them. Skipping unneeded JARs during scanning can improve startup time and JSP compilation time.
17-Jul-2023 16:50:11.620 INFO [http-nio-8080-exec-19] org.apache.catalina.core.StandardContext.reload Reloading Context with name [/aplicacaoMVC] is completed
17-Jul-2023 16:50:18.224 INFO [main] org.apache.catalina.core.StandardServer.await A valid shutdown command was received via the shutdown port. Stopping the Server instance.
17-Jul-2023 16:50:18.225 INFO [main] org.apache.coyote.AbstractProtocol.pause Pausing ProtocolHandler ["http-nio-8080"]
17-Jul-2023 16:50:18.226 INFO [main] org.apache.catalina.core.StandardService.stopInternal Stopping service [Catalina]
17-Jul-2023 16:50:18.248 INFO [main] org.apache.coyote.AbstractProtocol.stop Stopping ProtocolHandler ["http-nio-8080"]
17-Jul-2023 16:50:18.260 INFO [main] org.apache.coyote.AbstractProtocol.destroy Destroying ProtocolHandler ["http-nio-8080"]
17-Jul-2023 16:50:21.715 INFO [main] org.apache.catalina.startup.VersionLoggerListener.log Server version name:   Apache Tomcat/8.5.91
17-Jul-2023 16:50:21.719 INFO [main] org.apache.catalina.startup.VersionLoggerListener.log Server built:          Jul 6 2023 14:43:48 UTC
17-Jul-2023 16:50:21.720 INFO [main] org.apache.catalina.startup.VersionLoggerListener.log Server version number: 8.5.91.0
17-Jul-2023 16:50:21.720 INFO [main] org.apache.catalina.startup.VersionLoggerListener.log OS Name:               Linux
17-Jul-2023 16:50:21.720 INFO [main] org.apache.catalina.startup.VersionLoggerListener.log OS Version:            5.19.0-46-generic
17-Jul-2023 16:50:21.721 INFO [main] org.apache.catalina.startup.VersionLoggerListener.log Architecture:          amd64
17-Jul-2023 16:50:21.721 INFO [main] org.apache.catalina.startup.VersionLoggerListener.log Java Home:             /app/jdk
17-Jul-2023 16:50:21.721 INFO [main] org.apache.catalina.startup.VersionLoggerListener.log JVM Version:           11.0.19+7
17-Jul-2023 16:50:21.721 INFO [main] org.apache.catalina.startup.VersionLoggerListener.log JVM Vendor:            Flathub
17-Jul-2023 16:50:21.721 INFO [main] org.apache.catalina.startup.VersionLoggerListener.log CATALINA_BASE:         /home/lek/Development/MyCode/UFF/dev-web_aplicacao-mvc/apache-tomcat-8.5.91
17-Jul-2023 16:50:21.721 INFO [main] org.apache.catalina.startup.VersionLoggerListener.log CATALINA_HOME:         /home/lek/Development/MyCode/UFF/dev-web_aplicacao-mvc/apache-tomcat-8.5.91
17-Jul-2023 16:50:21.723 INFO [main] org.apache.catalina.startup.VersionLoggerListener.log Command line argument: --add-opens=java.base/java.lang=ALL-UNNAMED
17-Jul-2023 16:50:21.723 INFO [main] org.apache.catalina.startup.VersionLoggerListener.log Command line argument: --add-opens=java.base/java.io=ALL-UNNAMED
17-Jul-2023 16:50:21.723 INFO [main] org.apache.catalina.startup.VersionLoggerListener.log Command line argument: --add-opens=java.base/java.util=ALL-UNNAMED
17-Jul-2023 16:50:21.723 INFO [main] org.apache.catalina.startup.VersionLoggerListener.log Command line argument: --add-opens=java.base/java.util.concurrent=ALL-UNNAMED
17-Jul-2023 16:50:21.724 INFO [main] org.apache.catalina.startup.VersionLoggerListener.log Command line argument: --add-opens=java.rmi/sun.rmi.transport=ALL-UNNAMED
17-Jul-2023 16:50:21.724 INFO [main] org.apache.catalina.startup.VersionLoggerListener.log Command line argument: -Djava.util.logging.config.file=/home/lek/Development/MyCode/UFF/dev-web_aplicacao-mvc/apache-tomcat-8.5.91/conf/logging.properties
17-Jul-2023 16:50:21.724 INFO [main] org.apache.catalina.startup.VersionLoggerListener.log Command line argument: -Djava.util.logging.manager=org.apache.juli.ClassLoaderLogManager
17-Jul-2023 16:50:21.724 INFO [main] org.apache.catalina.startup.VersionLoggerListener.log Command line argument: -Djdk.tls.ephemeralDHKeySize=2048
17-Jul-2023 16:50:21.724 INFO [main] org.apache.catalina.startup.VersionLoggerListener.log Command line argument: -Djava.protocol.handler.pkgs=org.apache.catalina.webresources
17-Jul-2023 16:50:21.724 INFO [main] org.apache.catalina.startup.VersionLoggerListener.log Command line argument: -Dorg.apache.catalina.security.SecurityListener.UMASK=0027
17-Jul-2023 16:50:21.724 INFO [main] org.apache.catalina.startup.VersionLoggerListener.log Command line argument: -agentlib:jdwp=transport=dt_socket,address=11550,server=y,suspend=n
17-Jul-2023 16:50:21.724 INFO [main] org.apache.catalina.startup.VersionLoggerListener.log Command line argument: -Dignore.endorsed.dirs=
17-Jul-2023 16:50:21.724 INFO [main] org.apache.catalina.startup.VersionLoggerListener.log Command line argument: -Dcatalina.base=/home/lek/Development/MyCode/UFF/dev-web_aplicacao-mvc/apache-tomcat-8.5.91
17-Jul-2023 16:50:21.724 INFO [main] org.apache.catalina.startup.VersionLoggerListener.log Command line argument: -Dcatalina.home=/home/lek/Development/MyCode/UFF/dev-web_aplicacao-mvc/apache-tomcat-8.5.91
17-Jul-2023 16:50:21.724 INFO [main] org.apache.catalina.startup.VersionLoggerListener.log Command line argument: -Djava.io.tmpdir=/home/lek/Development/MyCode/UFF/dev-web_aplicacao-mvc/apache-tomcat-8.5.91/temp
17-Jul-2023 16:50:21.725 INFO [main] org.apache.catalina.core.AprLifecycleListener.lifecycleEvent The Apache Tomcat Native library which allows using OpenSSL was not found on the java.library.path: [:/usr/java/packages/lib:/usr/lib64:/lib64:/lib:/usr/lib]
17-Jul-2023 16:50:21.772 INFO [main] org.apache.coyote.AbstractProtocol.init Initializing ProtocolHandler ["http-nio-8080"]
17-Jul-2023 16:50:21.802 INFO [main] org.apache.catalina.startup.Catalina.load Initialization processed in 601 ms
17-Jul-2023 16:50:21.905 INFO [main] org.apache.catalina.core.StandardService.startInternal Starting service [Catalina]
17-Jul-2023 16:50:21.906 INFO [main] org.apache.catalina.core.StandardEngine.startInternal Starting Servlet engine: [Apache Tomcat/8.5.91]
17-Jul-2023 16:50:21.917 INFO [localhost-startStop-1] org.apache.catalina.startup.HostConfig.deployDescriptor Deploying deployment descriptor [/home/lek/Development/MyCode/UFF/dev-web_aplicacao-mvc/apache-tomcat-8.5.91/conf/Catalina/localhost/aplicacaoMVC.xml]
17-Jul-2023 16:50:22.443 INFO [localhost-startStop-1] org.apache.jasper.servlet.TldScanner.scanJars At least one JAR was scanned for TLDs yet contained no TLDs. Enable debug logging for this logger for a complete list of JARs that were scanned but no TLDs were found in them. Skipping unneeded JARs during scanning can improve startup time and JSP compilation time.
17-Jul-2023 16:50:22.485 INFO [localhost-startStop-1] org.apache.catalina.startup.HostConfig.deployDescriptor Deployment of deployment descriptor [/home/lek/Development/MyCode/UFF/dev-web_aplicacao-mvc/apache-tomcat-8.5.91/conf/Catalina/localhost/aplicacaoMVC.xml] has finished in [567] ms
17-Jul-2023 16:50:22.487 INFO [localhost-startStop-1] org.apache.catalina.startup.HostConfig.deployDirectory Deploying web application directory [/home/lek/Development/MyCode/UFF/dev-web_aplicacao-mvc/apache-tomcat-8.5.91/webapps/manager]
17-Jul-2023 16:50:22.525 INFO [localhost-startStop-1] org.apache.catalina.startup.HostConfig.deployDirectory Deployment of web application directory [/home/lek/Development/MyCode/UFF/dev-web_aplicacao-mvc/apache-tomcat-8.5.91/webapps/manager] has finished in [39] ms
17-Jul-2023 16:50:22.526 INFO [localhost-startStop-1] org.apache.catalina.startup.HostConfig.deployDirectory Deploying web application directory [/home/lek/Development/MyCode/UFF/dev-web_aplicacao-mvc/apache-tomcat-8.5.91/webapps/host-manager]
17-Jul-2023 16:50:22.550 INFO [localhost-startStop-1] org.apache.catalina.startup.HostConfig.deployDirectory Deployment of web application directory [/home/lek/Development/MyCode/UFF/dev-web_aplicacao-mvc/apache-tomcat-8.5.91/webapps/host-manager] has finished in [24] ms
17-Jul-2023 16:50:22.550 INFO [localhost-startStop-1] org.apache.catalina.startup.HostConfig.deployDirectory Deploying web application directory [/home/lek/Development/MyCode/UFF/dev-web_aplicacao-mvc/apache-tomcat-8.5.91/webapps/docs]
17-Jul-2023 16:50:22.567 INFO [localhost-startStop-1] org.apache.catalina.startup.HostConfig.deployDirectory Deployment of web application directory [/home/lek/Development/MyCode/UFF/dev-web_aplicacao-mvc/apache-tomcat-8.5.91/webapps/docs] has finished in [17] ms
17-Jul-2023 16:50:22.567 INFO [localhost-startStop-1] org.apache.catalina.startup.HostConfig.deployDirectory Deploying web application directory [/home/lek/Development/MyCode/UFF/dev-web_aplicacao-mvc/apache-tomcat-8.5.91/webapps/examples]
17-Jul-2023 16:50:22.771 INFO [localhost-startStop-1] org.apache.catalina.startup.HostConfig.deployDirectory Deployment of web application directory [/home/lek/Development/MyCode/UFF/dev-web_aplicacao-mvc/apache-tomcat-8.5.91/webapps/examples] has finished in [203] ms
17-Jul-2023 16:50:22.772 INFO [localhost-startStop-1] org.apache.catalina.startup.HostConfig.deployDirectory Deploying web application directory [/home/lek/Development/MyCode/UFF/dev-web_aplicacao-mvc/apache-tomcat-8.5.91/webapps/ROOT]
17-Jul-2023 16:50:22.793 INFO [localhost-startStop-1] org.apache.catalina.startup.HostConfig.deployDirectory Deployment of web application directory [/home/lek/Development/MyCode/UFF/dev-web_aplicacao-mvc/apache-tomcat-8.5.91/webapps/ROOT] has finished in [21] ms
17-Jul-2023 16:50:22.798 INFO [main] org.apache.coyote.AbstractProtocol.start Starting ProtocolHandler ["http-nio-8080"]
17-Jul-2023 16:50:22.822 INFO [main] org.apache.catalina.startup.Catalina.start Server startup in 1019 ms
17-Jul-2023 16:50:24.208 INFO [http-nio-8080-exec-7] org.apache.catalina.startup.HostConfig.undeploy Undeploying context [/aplicacaoMVC]
17-Jul-2023 16:50:24.225 INFO [http-nio-8080-exec-10] org.apache.catalina.startup.HostConfig.deployDescriptor Deploying deployment descriptor [/home/lek/Development/MyCode/UFF/dev-web_aplicacao-mvc/apache-tomcat-8.5.91/conf/Catalina/localhost/aplicacaoMVC.xml]
17-Jul-2023 16:50:24.367 INFO [http-nio-8080-exec-10] org.apache.jasper.servlet.TldScanner.scanJars At least one JAR was scanned for TLDs yet contained no TLDs. Enable debug logging for this logger for a complete list of JARs that were scanned but no TLDs were found in them. Skipping unneeded JARs during scanning can improve startup time and JSP compilation time.
17-Jul-2023 16:50:24.370 INFO [http-nio-8080-exec-10] org.apache.catalina.startup.HostConfig.deployDescriptor Deployment of deployment descriptor [/home/lek/Development/MyCode/UFF/dev-web_aplicacao-mvc/apache-tomcat-8.5.91/conf/Catalina/localhost/aplicacaoMVC.xml] has finished in [145] ms
17-Jul-2023 16:50:24.374 INFO [http-nio-8080-exec-3] org.apache.catalina.util.LifecycleBase.start The start() method was called on component [StandardEngine[Catalina].StandardHost[localhost].StandardContext[/aplicacaoMVC]] after start() had already been called. The second call will be ignored.
17-Jul-2023 16:51:07.373 INFO [http-nio-8080-exec-12] org.apache.catalina.startup.HostConfig.undeploy Undeploying context [/aplicacaoMVC]
17-Jul-2023 16:51:07.378 INFO [http-nio-8080-exec-10] org.apache.catalina.startup.HostConfig.deployDescriptor Deploying deployment descriptor [/home/lek/Development/MyCode/UFF/dev-web_aplicacao-mvc/apache-tomcat-8.5.91/conf/Catalina/localhost/aplicacaoMVC.xml]
17-Jul-2023 16:51:07.543 INFO [http-nio-8080-exec-10] org.apache.jasper.servlet.TldScanner.scanJars At least one JAR was scanned for TLDs yet contained no TLDs. Enable debug logging for this logger for a complete list of JARs that were scanned but no TLDs were found in them. Skipping unneeded JARs during scanning can improve startup time and JSP compilation time.
17-Jul-2023 16:51:07.546 INFO [http-nio-8080-exec-10] org.apache.catalina.startup.HostConfig.deployDescriptor Deployment of deployment descriptor [/home/lek/Development/MyCode/UFF/dev-web_aplicacao-mvc/apache-tomcat-8.5.91/conf/Catalina/localhost/aplicacaoMVC.xml] has finished in [168] ms
17-Jul-2023 16:51:07.550 INFO [http-nio-8080-exec-13] org.apache.catalina.util.LifecycleBase.start The start() method was called on component [StandardEngine[Catalina].StandardHost[localhost].StandardContext[/aplicacaoMVC]] after start() had already been called. The second call will be ignored.
17-Jul-2023 16:51:35.105 WARNING [http-nio-8080-exec-17] org.apache.catalina.loader.WebappClassLoaderBase.clearReferencesJdbc The web application [aplicacaoMVC] registered the JDBC driver [com.mysql.cj.jdbc.Driver] but failed to unregister it when the web application was stopped. To prevent a memory leak, the JDBC Driver has been forcibly unregistered.
17-Jul-2023 16:51:35.106 WARNING [http-nio-8080-exec-17] org.apache.catalina.loader.WebappClassLoaderBase.clearReferencesThreads The web application [aplicacaoMVC] appears to have started a thread named [mysql-cj-abandoned-connection-cleanup] but has failed to stop it. This is very likely to create a memory leak. Stack trace of thread:
 java.base@11.0.19/java.lang.Object.wait(Native Method)
 java.base@11.0.19/java.lang.ref.ReferenceQueue.remove(ReferenceQueue.java:155)
 com.mysql.cj.jdbc.AbandonedConnectionCleanupThread.run(AbandonedConnectionCleanupThread.java:91)
 java.base@11.0.19/java.util.concurrent.ThreadPoolExecutor.runWorker(ThreadPoolExecutor.java:1128)
 java.base@11.0.19/java.util.concurrent.ThreadPoolExecutor$Worker.run(ThreadPoolExecutor.java:628)
 java.base@11.0.19/java.lang.Thread.run(Thread.java:829)
17-Jul-2023 16:51:35.609 INFO [http-nio-8080-exec-17] org.apache.catalina.startup.HostConfig.undeploy Undeploying context [/aplicacaoMVC]
17-Jul-2023 16:51:38.669 INFO [mysql-cj-abandoned-connection-cleanup] org.apache.catalina.loader.WebappClassLoaderBase.checkStateForResourceLoading Illegal access: this web application instance has been stopped already. Could not load []. The following stack trace is thrown for debugging purposes as well as to attempt to terminate the thread which caused the illegal access.
	java.lang.IllegalStateException: Illegal access: this web application instance has been stopped already. Could not load []. The following stack trace is thrown for debugging purposes as well as to attempt to terminate the thread which caused the illegal access.
		at org.apache.catalina.loader.WebappClassLoaderBase.checkStateForResourceLoading(WebappClassLoaderBase.java:1440)
		at org.apache.catalina.loader.WebappClassLoaderBase.getResource(WebappClassLoaderBase.java:1065)
		at com.mysql.cj.jdbc.AbandonedConnectionCleanupThread.checkThreadContextClassLoader(AbandonedConnectionCleanupThread.java:123)
		at com.mysql.cj.jdbc.AbandonedConnectionCleanupThread.run(AbandonedConnectionCleanupThread.java:90)
		at java.base/java.util.concurrent.ThreadPoolExecutor.runWorker(ThreadPoolExecutor.java:1128)
		at java.base/java.util.concurrent.ThreadPoolExecutor$Worker.run(ThreadPoolExecutor.java:628)
		at java.base/java.lang.Thread.run(Thread.java:829)
17-Jul-2023 16:53:15.238 INFO [http-nio-8080-exec-1] org.apache.catalina.startup.HostConfig.deployDescriptor Deploying deployment descriptor [/home/lek/Development/MyCode/UFF/dev-web_aplicacao-mvc/apache-tomcat-8.5.91/conf/Catalina/localhost/aplicacaoMVC.xml]
17-Jul-2023 16:53:15.373 INFO [http-nio-8080-exec-1] org.apache.jasper.servlet.TldScanner.scanJars At least one JAR was scanned for TLDs yet contained no TLDs. Enable debug logging for this logger for a complete list of JARs that were scanned but no TLDs were found in them. Skipping unneeded JARs during scanning can improve startup time and JSP compilation time.
17-Jul-2023 16:53:15.376 INFO [http-nio-8080-exec-1] org.apache.catalina.startup.HostConfig.deployDescriptor Deployment of deployment descriptor [/home/lek/Development/MyCode/UFF/dev-web_aplicacao-mvc/apache-tomcat-8.5.91/conf/Catalina/localhost/aplicacaoMVC.xml] has finished in [137] ms
17-Jul-2023 16:53:15.379 INFO [http-nio-8080-exec-10] org.apache.catalina.util.LifecycleBase.start The start() method was called on component [StandardEngine[Catalina].StandardHost[localhost].StandardContext[/aplicacaoMVC]] after start() had already been called. The second call will be ignored.
17-Jul-2023 16:53:32.181 WARNING [http-nio-8080-exec-15] org.apache.catalina.loader.WebappClassLoaderBase.clearReferencesJdbc The web application [aplicacaoMVC] registered the JDBC driver [com.mysql.cj.jdbc.Driver] but failed to unregister it when the web application was stopped. To prevent a memory leak, the JDBC Driver has been forcibly unregistered.
17-Jul-2023 16:53:32.182 WARNING [http-nio-8080-exec-15] org.apache.catalina.loader.WebappClassLoaderBase.clearReferencesThreads The web application [aplicacaoMVC] appears to have started a thread named [mysql-cj-abandoned-connection-cleanup] but has failed to stop it. This is very likely to create a memory leak. Stack trace of thread:
 java.base@11.0.19/java.lang.Object.wait(Native Method)
 java.base@11.0.19/java.lang.ref.ReferenceQueue.remove(ReferenceQueue.java:155)
 com.mysql.cj.jdbc.AbandonedConnectionCleanupThread.run(AbandonedConnectionCleanupThread.java:91)
 java.base@11.0.19/java.util.concurrent.ThreadPoolExecutor.runWorker(ThreadPoolExecutor.java:1128)
 java.base@11.0.19/java.util.concurrent.ThreadPoolExecutor$Worker.run(ThreadPoolExecutor.java:628)
 java.base@11.0.19/java.lang.Thread.run(Thread.java:829)
17-Jul-2023 16:53:32.686 INFO [http-nio-8080-exec-15] org.apache.catalina.startup.HostConfig.undeploy Undeploying context [/aplicacaoMVC]
17-Jul-2023 16:53:32.693 INFO [http-nio-8080-exec-10] org.apache.catalina.startup.HostConfig.deployDescriptor Deploying deployment descriptor [/home/lek/Development/MyCode/UFF/dev-web_aplicacao-mvc/apache-tomcat-8.5.91/conf/Catalina/localhost/aplicacaoMVC.xml]
17-Jul-2023 16:53:32.798 INFO [mysql-cj-abandoned-connection-cleanup] org.apache.catalina.loader.WebappClassLoaderBase.checkStateForResourceLoading Illegal access: this web application instance has been stopped already. Could not load []. The following stack trace is thrown for debugging purposes as well as to attempt to terminate the thread which caused the illegal access.
	java.lang.IllegalStateException: Illegal access: this web application instance has been stopped already. Could not load []. The following stack trace is thrown for debugging purposes as well as to attempt to terminate the thread which caused the illegal access.
		at org.apache.catalina.loader.WebappClassLoaderBase.checkStateForResourceLoading(WebappClassLoaderBase.java:1440)
		at org.apache.catalina.loader.WebappClassLoaderBase.getResource(WebappClassLoaderBase.java:1065)
		at com.mysql.cj.jdbc.AbandonedConnectionCleanupThread.checkThreadContextClassLoader(AbandonedConnectionCleanupThread.java:123)
		at com.mysql.cj.jdbc.AbandonedConnectionCleanupThread.run(AbandonedConnectionCleanupThread.java:90)
		at java.base/java.util.concurrent.ThreadPoolExecutor.runWorker(ThreadPoolExecutor.java:1128)
		at java.base/java.util.concurrent.ThreadPoolExecutor$Worker.run(ThreadPoolExecutor.java:628)
		at java.base/java.lang.Thread.run(Thread.java:829)
17-Jul-2023 16:53:32.828 INFO [http-nio-8080-exec-10] org.apache.jasper.servlet.TldScanner.scanJars At least one JAR was scanned for TLDs yet contained no TLDs. Enable debug logging for this logger for a complete list of JARs that were scanned but no TLDs were found in them. Skipping unneeded JARs during scanning can improve startup time and JSP compilation time.
17-Jul-2023 16:53:32.830 INFO [http-nio-8080-exec-10] org.apache.catalina.startup.HostConfig.deployDescriptor Deployment of deployment descriptor [/home/lek/Development/MyCode/UFF/dev-web_aplicacao-mvc/apache-tomcat-8.5.91/conf/Catalina/localhost/aplicacaoMVC.xml] has finished in [137] ms
17-Jul-2023 16:53:32.833 INFO [http-nio-8080-exec-19] org.apache.catalina.util.LifecycleBase.start The start() method was called on component [StandardEngine[Catalina].StandardHost[localhost].StandardContext[/aplicacaoMVC]] after start() had already been called. The second call will be ignored.
